#! /data/data/com.termux/files/usr/bin/vvp
:ivl_version "12.0 (stable)";
:ivl_delay_selection "TYPICAL";
:vpi_time_precision - 12;
:vpi_module "/data/data/com.termux/files/usr/lib/ivl/system.vpi";
:vpi_module "/data/data/com.termux/files/usr/lib/ivl/vhdl_sys.vpi";
:vpi_module "/data/data/com.termux/files/usr/lib/ivl/vhdl_textio.vpi";
:vpi_module "/data/data/com.termux/files/usr/lib/ivl/v2005_math.vpi";
:vpi_module "/data/data/com.termux/files/usr/lib/ivl/va_math.vpi";
S_0xb400007b7c00d0d0 .scope module, "tb_TestOut" "tb_TestOut" 2 5;
 .timescale -9 -12;
S_0xb400007b7c00bd90 .scope module, "dut" "EmptyLogic" 2 6, 2 3 0, S_0xb400007b7c00d0d0;
 .timescale -9 -12;
    .scope S_0xb400007b7c00d0d0;
T_0 ;
    %delay 100000, 0;
    %vpi_call 2 8 "$display", "Hello, NeoH!" {0 0 0};
    %end;
    .thread T_0;
# The file index is used to find the file name in the following table.
:file_names 3;
    "N/A";
    "<interactive>";
    "test_out.sv";
